<?xml version="1.0" encoding="UTF-8"?>
<!-- Generated by org.testng.reporters.JUnitReportReporter -->
<testsuite hostname="Shubhangi" failures="0" tests="1" name="testcases.DigestAuthenticationtestcase" time="8.128" errors="0" timestamp="2023-03-11T13:07:35 IST" skipped="0">
  <testcase classname="testcases.DigestAuthenticationtestcase" name="DigestAuthentication" time="8.128"/>
  <system-out/>
</testsuite> <!-- testcases.DigestAuthenticationtestcase -->
