<?xml version="1.0" encoding="UTF-8"?>
<!-- Generated by org.testng.reporters.JUnitReportReporter -->
<testsuite hostname="Shubhangi" failures="0" tests="1" name="testcases.Entryadtestcase" time="6.210" errors="0" timestamp="2023-03-11T13:07:35 IST" skipped="0">
  <testcase classname="testcases.Entryadtestcase" name="Entryad" time="6.210"/>
  <system-out/>
</testsuite> <!-- testcases.Entryadtestcase -->
