<?xml version="1.0" encoding="UTF-8"?>
<!-- Generated by org.testng.reporters.JUnitReportReporter -->
<testsuite hostname="Shubhangi" failures="0" tests="1" name="testcases.uploadfiletestcase" time="7.418" errors="0" timestamp="2023-03-11T13:07:35 IST" skipped="0">
  <testcase classname="testcases.uploadfiletestcase" name="uploadfile" time="7.418"/>
  <system-out/>
</testsuite> <!-- testcases.uploadfiletestcase -->
